<?xml version="1.0" encoding="UTF-8"?>
<testng-results ignored="0" total="1" passed="1" failed="0" skipped="0">
  <reporter-output>
  </reporter-output>
  <suite started-at="2024-04-10T09:23:38 CEST" name="Default Suite" finished-at="2024-04-10T09:23:38 CEST" duration-ms="36">
    <groups>
    </groups>
    <test started-at="2024-04-10T09:23:38 CEST" name="APUSEQUEDAENLOSSIMPSONS" finished-at="2024-04-10T09:23:38 CEST" duration-ms="36">
      <class name="TestCases">
        <test-method signature="test1()[pri:0, instance:TestCases@75f9eccc]" started-at="2024-04-10T09:23:38 CEST" name="test1" finished-at="2024-04-10T09:23:38 CEST" duration-ms="5" status="PASS">
          <reporter-output>
          </reporter-output>
        </test-method> <!-- test1 -->
      </class> <!-- TestCases -->
    </test> <!-- APUSEQUEDAENLOSSIMPSONS -->
  </suite> <!-- Default Suite -->
</testng-results>
